

Constructor start...
The Running Date is : 2015 5 19
The Time is: 21 11 47
Init starting...
Init OK!


Constructor start...
The Running Date is : 2015 5 19
The Time is: 21 12 59
Init starting...
Init OK!


Constructor start...
The Running Date is : 2015 5 19
The Time is: 21 13 58
Init starting...
Init OK!


Constructor start...
The Running Date is : 2015 5 19
The Time is: 21 14 35
Init starting...
Init OK!


Constructor start...
The Running Date is : 2015 5 19
The Time is: 21 15 40
Init starting...
Init OK!
1142
1142
1142
1142
1142
1142
1142
1142
1142
1142
1142
1142
1142
1142
1142
1142
1142
1142
1142
1142
1142
1142
1142
1142
1142
1142
1142
1142
1142
1142
1142
1142
1142
1142
1142
1142
1142
1142
1142
1142
1142
1142
1142
1142
1142
1142
1142
1142
1142
1142
1142
1142
1142
1142
1142
1142
1142
1142


Constructor start...
The Running Date is : 2015 5 19
The Time is: 21 18 30
Init starting...
Init OK!
1178
line1
line1
line1
line1
line1
line1
line1
line1
line1
line1
line1
line1
line1
line1
line1
line1
line1
line1
line1
line1
line1
line1
line1
line1
line1
line1
line1
line1
line1
line1
line1
line1
line1
line1
line1
line1
line1
line1
line1
line1
line1
line1
line1
line1
line1
line1
line1
line1
line1
line1
line1
line1
line1
line1


Constructor start...
The Running Date is : 2015 5 19
The Time is: 21 21 6
Init starting...
Init OK!


Constructor start...
The Running Date is : 2015 5 19
The Time is: 21 23 37
Init starting...
Init OK!


Constructor start...
The Running Date is : 2015 5 19
The Time is: 21 23 52
Init starting...
Init OK!


Constructor start...
The Running Date is : 2015 5 19
The Time is: 21 24 6
Init starting...
Init OK!


Constructor start...
The Running Date is : 2015 5 19
The Time is: 21 54 48
Init starting...
Init OK!


Constructor start...
The Running Date is : 2015 5 19
The Time is: 21 55 14
Init starting...
Init OK!


Constructor start...
The Running Date is : 2015 5 19
The Time is: 21 56 24
Init starting...
Init OK!


Constructor start...
The Running Date is : 2015 5 19
The Time is: 21 57 16


Constructor start...
The Running Date is : 2015 5 19
The Time is: 21 58 30
Init starting...
Init OK!


Constructor start...
The Running Date is : 2015 5 19
The Time is: 22 0 54
Init starting...
Init OK!


Constructor start...
The Running Date is : 2015 5 19
The Time is: 22 2 9
Init starting...
Init OK!


Constructor start...
The Running Date is : 2015 5 19
The Time is: 22 2 17
Init starting...
Init OK!


Constructor start...
The Running Date is : 2015 5 19
The Time is: 22 2 24
Init starting...
Init OK!


Constructor start...
The Running Date is : 2015 5 19
The Time is: 22 2 46
Init starting...
Init OK!


Constructor start...
The Running Date is : 2015 5 19
The Time is: 22 3 2
Init starting...
Init OK!


Constructor start...
The Running Date is : 2015 5 19
The Time is: 22 9 21
Init starting...
Init OK!


Constructor start...
The Running Date is : 2015 5 19
The Time is: 22 16 2
Init starting...
Init OK!


Constructor start...
The Running Date is : 2015 5 19
The Time is: 22 16 41
Init starting...
Init OK!


Constructor start...
The Running Date is : 2015 5 19
The Time is: 22 17 0
Init starting...
Init OK!


Constructor start...
The Running Date is : 2015 5 20
The Time is: 22 11 42
Init starting...
OPEN ERROR--NOT FIND DEVICES


Constructor start...
The Running Date is : 2015 5 20
The Time is: 22 12 8
Init starting...
OPEN ERROR--NOT FIND DEVICES


Constructor start...
The Running Date is : 2015 5 20
The Time is: 22 12 36
Init starting...
OPEN ERROR--NOT FIND DEVICES


Constructor start...
The Running Date is : 2015 5 20
The Time is: 22 12 54
Init starting...
OPEN ERROR--NOT FIND DEVICES


Constructor start...
The Running Date is : 2015 5 20
The Time is: 22 15 55
Init starting...
OPEN ERROR--NOT FIND DEVICES


Constructor start...
The Running Date is : 2015 5 20
The Time is: 22 16 10
Init starting...
OPEN ERROR--NOT FIND DEVICES


Constructor start...
The Running Date is : 2015 5 20
The Time is: 22 16 22
Init starting...
OPEN ERROR--NOT FIND DEVICES


Constructor start...
The Running Date is : 2015 5 20
The Time is: 22 17 18
Init starting...
OPEN ERROR--NOT FIND DEVICES


Constructor start...
The Running Date is : 2015 5 20
The Time is: 22 17 40
Init starting...
OPEN ERROR--NOT FIND DEVICES


Constructor start...
The Running Date is : 2015 5 20
The Time is: 22 17 51
Init starting...
OPEN ERROR--NOT FIND DEVICES


Constructor start...
The Running Date is : 2015 5 20
The Time is: 22 18 30
Init starting...
OPEN ERROR--NOT FIND DEVICES


Constructor start...
The Running Date is : 2015 5 20
The Time is: 22 18 51
Init starting...
OPEN ERROR--NOT FIND DEVICES


Constructor start...
The Running Date is : 2015 5 20
The Time is: 22 22 47
Init starting...
OPEN ERROR--NOT FIND DEVICES


Constructor start...
The Running Date is : 2015 5 20
The Time is: 22 25 37
Init starting...
OPEN ERROR--NOT FIND DEVICES


Constructor start...
The Running Date is : 2015 5 20
The Time is: 22 26 54
Init starting...
OPEN ERROR--NOT FIND DEVICES
